Change Component Designator: OldDesignator=C1 NewDesignator=C16
Change Component Designator: OldDesignator=C2 NewDesignator=C1
Change Component Designator: OldDesignator=C3 NewDesignator=C2
Change Component Designator: OldDesignator=C4 NewDesignator=C3
Change Component Designator: OldDesignator=C5 NewDesignator=C4
Change Component Designator: OldDesignator=C6 NewDesignator=C5
Change Component Designator: OldDesignator=C7 NewDesignator=C6
Change Component Designator: OldDesignator=C8 NewDesignator=C7
Change Component Designator: OldDesignator=C9 NewDesignator=C8
Change Component Designator: OldDesignator=C10 NewDesignator=C9
Change Component Designator: OldDesignator=C11 NewDesignator=C10
Change Component Designator: OldDesignator=C12 NewDesignator=C11
Change Component Designator: OldDesignator=C13 NewDesignator=C12
Change Component Designator: OldDesignator=C14 NewDesignator=C13
Change Component Designator: OldDesignator=C15 NewDesignator=C14
Change Component Designator: OldDesignator=C16 NewDesignator=C15
Change Component Designator: OldDesignator=D1 NewDesignator=D2
Change Component Designator: OldDesignator=D2 NewDesignator=D3
Change Component Designator: OldDesignator=D3 NewDesignator=D4
Change Component Designator: OldDesignator=D4 NewDesignator=D5
Change Component Designator: OldDesignator=D5 NewDesignator=D15
Change Component Designator: OldDesignator=D10 NewDesignator=D1
Change Component Designator: OldDesignator=D11 NewDesignator=D10
Change Component Designator: OldDesignator=D12 NewDesignator=D11
Change Component Designator: OldDesignator=D13 NewDesignator=D12
Change Component Designator: OldDesignator=D14 NewDesignator=D13
Change Component Designator: OldDesignator=D15 NewDesignator=D14
Change Component Designator: OldDesignator=R1 NewDesignator=R7
Change Component Designator: OldDesignator=R2 NewDesignator=R8
Change Component Designator: OldDesignator=R3 NewDesignator=R9
Change Component Designator: OldDesignator=R4 NewDesignator=R10
Change Component Designator: OldDesignator=R5 NewDesignator=R11
Change Component Designator: OldDesignator=R6 NewDesignator=R12
Change Component Designator: OldDesignator=R7 NewDesignator=R13
Change Component Designator: OldDesignator=R8 NewDesignator=R14
Change Component Designator: OldDesignator=R9 NewDesignator=R15
Change Component Designator: OldDesignator=R10 NewDesignator=R2
Change Component Designator: OldDesignator=R11 NewDesignator=R3
Change Component Designator: OldDesignator=R12 NewDesignator=R1
Change Component Designator: OldDesignator=R13 NewDesignator=R4
Change Component Designator: OldDesignator=R14 NewDesignator=R5
Change Component Designator: OldDesignator=R15 NewDesignator=R6
Change Component Designator: OldDesignator=R40 NewDesignator=R42
Change Component Designator: OldDesignator=R41 NewDesignator=R43
Change Component Designator: OldDesignator=R42 NewDesignator=R44
Change Component Designator: OldDesignator=R43 NewDesignator=R45
Change Component Designator: OldDesignator=R44 NewDesignator=R46
Change Component Designator: OldDesignator=R45 NewDesignator=R47
Change Component Designator: OldDesignator=R46 NewDesignator=R48
Change Component Designator: OldDesignator=R47 NewDesignator=R49
Change Component Designator: OldDesignator=R48 NewDesignator=R50
Change Component Designator: OldDesignator=R49 NewDesignator=R51
Change Component Designator: OldDesignator=R50 NewDesignator=R52
Change Component Designator: OldDesignator=R51 NewDesignator=R53
Change Component Designator: OldDesignator=R52 NewDesignator=R54
Change Component Designator: OldDesignator=R53 NewDesignator=R55
Change Component Designator: OldDesignator=R54 NewDesignator=R56
Change Component Designator: OldDesignator=R55 NewDesignator=R57
Change Component Designator: OldDesignator=R56 NewDesignator=R58
Change Component Designator: OldDesignator=R57 NewDesignator=R60
Change Component Designator: OldDesignator=R58 NewDesignator=R59
Change Component Designator: OldDesignator=R59 NewDesignator=R61
Change Component Designator: OldDesignator=R60 NewDesignator=R62
Change Component Designator: OldDesignator=R61 NewDesignator=R63
Change Component Designator: OldDesignator=R62 NewDesignator=R64
Change Component Designator: OldDesignator=R63 NewDesignator=R66
Change Component Designator: OldDesignator=R64 NewDesignator=R65
Change Component Designator: OldDesignator=R65 NewDesignator=R67
Change Component Designator: OldDesignator=R66 NewDesignator=R68
Change Component Designator: OldDesignator=R67 NewDesignator=R69
Change Component Designator: OldDesignator=R68 NewDesignator=R70
Change Component Designator: OldDesignator=R69 NewDesignator=R71
Change Component Designator: OldDesignator=R70 NewDesignator=R72
Change Component Designator: OldDesignator=R71 NewDesignator=R73
Change Component Designator: OldDesignator=R72 NewDesignator=R74
Change Component Designator: OldDesignator=R73 NewDesignator=R76
Change Component Designator: OldDesignator=R74 NewDesignator=R75
Change Component Designator: OldDesignator=R75 NewDesignator=R77
Change Component Designator: OldDesignator=R76 NewDesignator=R78
Change Component Designator: OldDesignator=R77 NewDesignator=R79
Change Component Designator: OldDesignator=R78 NewDesignator=R81
Change Component Designator: OldDesignator=R79 NewDesignator=R80
Change Component Designator: OldDesignator=R80 NewDesignator=R82
Change Component Designator: OldDesignator=R81 NewDesignator=R83
Change Component Designator: OldDesignator=R82 NewDesignator=R84
Change Component Designator: OldDesignator=R83 NewDesignator=R85
Change Component Designator: OldDesignator=R84 NewDesignator=R86
Change Component Designator: OldDesignator=R85 NewDesignator=R87
Change Component Designator: OldDesignator=R86 NewDesignator=R88
Change Component Designator: OldDesignator=R87 NewDesignator=R89
Change Component Designator: OldDesignator=R88 NewDesignator=R90
Change Component Designator: OldDesignator=R89 NewDesignator=R91
Change Component Designator: OldDesignator=R90 NewDesignator=R92
Change Component Designator: OldDesignator=R91 NewDesignator=R93
Change Component Designator: OldDesignator=R92 NewDesignator=R94
Change Component Designator: OldDesignator=R93 NewDesignator=R95
Change Component Designator: OldDesignator=R94 NewDesignator=R96
Change Component Designator: OldDesignator=R95 NewDesignator=R97
Change Component Designator: OldDesignator=R96 NewDesignator=R98
Change Component Designator: OldDesignator=R97 NewDesignator=R99
Change Component Designator: OldDesignator=R98 NewDesignator=R100
Change Component Designator: OldDesignator=R99 NewDesignator=R101
Change Component Designator: OldDesignator=R100 NewDesignator=R102
Change Component Designator: OldDesignator=R101 NewDesignator=R103
Change Component Designator: OldDesignator=R102 NewDesignator=R104
Change Component Designator: OldDesignator=R103 NewDesignator=R105
Change Component Designator: OldDesignator=R104 NewDesignator=R107
Change Component Designator: OldDesignator=R105 NewDesignator=R106
Change Component Designator: OldDesignator=R106 NewDesignator=R108
Added Component: Designator=R40(R_0603)
Add component (AddParameter): Name = "Case Code (Metric)"; Value = "1608"; VariantName = "[No Variations]"
Add component (AddParameter): Name = "Case Code (Imperial)"; Value = "0603"; VariantName = "[No Variations]"
Add component (AddParameter): Name = "Case/Package"; Value = "0603"; VariantName = "[No Variations]"
Add component (AddParameter): Name = "Category"; Value = "Chip SMD Resistors"; VariantName = "[No Variations]"
Add component (AddParameter): Name = "ComponentLink1Description"; Value = "https://datasheet.ciiva.com/46441/1533075-46441625.pdf?src-supplier=Element14"; VariantName = "[No Variations]"
Add component (AddParameter): Name = "ComponentLink1URL"; Value = "https://datasheet.ciiva.com/46441/1533075-46441625.pdf?src-supplier=Element14"; VariantName = "[No Variations]"
Add component (AddParameter): Name = "ComponentLink2Description"; Value = "https://datasheet.ciiva.com/28621/1847332-28621386.pdf?src-supplier=Element14"; VariantName = "[No Variations]"
Add component (AddParameter): Name = "ComponentLink2URL"; Value = "https://datasheet.ciiva.com/28621/1847332-28621386.pdf?src-supplier=Element14"; VariantName = "[No Variations]"
Add component (AddParameter): Name = "ComponentLink3Description"; Value = "https://datasheet.ciiva.com/2462/dcrcwe3-2462023.pdf?src-supplier=Digikey"; VariantName = "[No Variations]"
Add component (AddParameter): Name = "ComponentLink3URL"; Value = "https://datasheet.ciiva.com/2462/dcrcwe3-2462023.pdf?src-supplier=Digikey"; VariantName = "[No Variations]"
Add component (AddParameter): Name = "ComponentLink4Description"; Value = "https://datasheet.ciiva.com/2462/dcrcwe3-2462024.pdf?src-supplier=Digikey"; VariantName = "[No Variations]"
Add component (AddParameter): Name = "ComponentLink4URL"; Value = "https://datasheet.ciiva.com/2462/dcrcwe3-2462024.pdf?src-supplier=Digikey"; VariantName = "[No Variations]"
Add component (AddParameter): Name = "ComponentLink5Description"; Value = "https://datasheet.ciiva.com/2462/dcrcwe3-2462022.pdf?src-supplier=Digikey"; VariantName = "[No Variations]"
Add component (AddParameter): Name = "ComponentLink5URL"; Value = "https://datasheet.ciiva.com/2462/dcrcwe3-2462022.pdf?src-supplier=Digikey"; VariantName = "[No Variations]"
Add component (AddParameter): Name = "ComponentLink6Description"; Value = "https://datasheet.ciiva.com/5548/dcrcwe3-109170-5548152.pdf?src-supplier=Mouser"; VariantName = "[No Variations]"
Add component (AddParameter): Name = "ComponentLink6URL"; Value = "https://datasheet.ciiva.com/5548/dcrcwe3-109170-5548152.pdf?src-supplier=Mouser"; VariantName = "[No Variations]"
Add component (AddParameter): Name = "ComponentLink7Description"; Value = "https://datasheet.ciiva.com/16211/dcrcwe3-16211589.pdf?src-supplier=Future+Electronics"; VariantName = "[No Variations]"
Add component (AddParameter): Name = "ComponentLink7URL"; Value = "https://datasheet.ciiva.com/16211/dcrcwe3-16211589.pdf?src-supplier=Future+Electronics"; VariantName = "[No Variations]"
Add component (AddParameter): Name = "Construction"; Value = "Rectangular"; VariantName = "[No Variations]"
Add component (AddParameter): Name = "Contact Plating"; Value = "Tin"; VariantName = "[No Variations]"
Add component (AddParameter): Name = "Depth"; Value = "0.85mm"; VariantName = "[No Variations]"
Add component (AddParameter): Name = "Features"; Value = "Automotive AEC-Q200"; VariantName = "[No Variations]"
Add component (AddParameter): Name = "Height"; Value = "0.02inch"; VariantName = "[No Variations]"
Add component (AddParameter): Name = "Lead Free"; Value = "Lead Free"; VariantName = "[No Variations]"
Add component (AddParameter): Name = "Length"; Value = "1.55mm"; VariantName = "[No Variations]"
Add component (AddParameter): Name = "Manufacturer"; Value = "Vishay Dale"; VariantName = "[No Variations]"
Add component (AddParameter): Name = "Manufacturer Part Number"; Value = "CRCW06031K00JNEA"; VariantName = "[No Variations]"
Add component (AddParameter): Name = "Max Operating Temperature"; Value = "155°C"; VariantName = "[No Variations]"
Add component (AddParameter): Name = "Max Power Dissipation"; Value = "100mW"; VariantName = "[No Variations]"
Add component (AddParameter): Name = "Military Standard"; Value = "Not"; VariantName = "[No Variations]"
Add component (AddParameter): Name = "Min Operating Temperature"; Value = "-55°C"; VariantName = "[No Variations]"
Add component (AddParameter): Name = "Number of Terminations"; Value = "2"; VariantName = "[No Variations]"
Add component (AddParameter): Name = "Package Quantity"; Value = "1"; VariantName = "[No Variations]"
Add component (AddParameter): Name = "Packaging"; Value = "Tape and Reel"; VariantName = "[No Variations]"
Add component (AddParameter): Name = "Pins"; Value = "2"; VariantName = "[No Variations]"
Add component (AddParameter): Name = "Power Rating"; Value = "100mW"; VariantName = "[No Variations]"
Add component (AddParameter): Name = "Pricing"; Value = "1=0,1, 10=0,016, 50=0,016, 100=0,009, 1000=0,006, 10000=0,003 (USD)"; VariantName = "[No Variations]"
Add component (AddParameter): Name = "Radiation Hardening"; Value = "No"; VariantName = "[No Variations]"
Add component (AddParameter): Name = "Reach SVHC Compliant"; Value = "Unknown"; VariantName = "[No Variations]"
Add component (AddParameter): Name = "Resistance Tolerance"; Value = "5%"; VariantName = "[No Variations]"
Add component (AddParameter): Name = "Resistor Type"; Value = "Thick Film"; VariantName = "[No Variations]"
Add component (AddParameter): Name = "RoHS"; Value = "Yes"; VariantName = "[No Variations]"
Add component (AddParameter): Name = "RoHS Compliant"; Value = "Yes"; VariantName = "[No Variations]"
Add component (AddParameter): Name = "Series"; Value = "CRCW"; VariantName = "[No Variations]"
Add component (AddParameter): Name = "Stock"; Value = "120124"; VariantName = "[No Variations]"
Add component (AddParameter): Name = "Supplier"; Value = "Mouser"; VariantName = "[No Variations]"
Add component (AddParameter): Name = "Supplier Part Number"; Value = "71-CRCW0603J-1.0K-E3"; VariantName = "[No Variations]"
Add component (AddParameter): Name = "Temperature Coefficient"; Value = "200ppm/°C"; VariantName = "[No Variations]"
Add component (AddParameter): Name = "Termination"; Value = "SMD/SMT"; VariantName = "[No Variations]"
Add component (AddParameter): Name = "Tolerance"; Value = "5%"; VariantName = "[No Variations]"
Add component (AddParameter): Name = "Value"; Value = "1K"; VariantName = "[No Variations]"
Add component (AddParameter): Name = "Voltage Rating"; Value = "75V"; VariantName = "[No Variations]"
Add component (AddParameter): Name = "Voltage Rating (DC)"; Value = "75V"; VariantName = "[No Variations]"
Add component (AddParameter): Name = "Weight"; Value = "7.1E-05oz"; VariantName = "[No Variations]"
Add component (AddParameter): Name = "Width"; Value = "0.033inch"; VariantName = "[No Variations]"
Added Component: Designator=R41(R_0603)
Add component (AddParameter): Name = "Case Code (Metric)"; Value = "1608"; VariantName = "[No Variations]"
Add component (AddParameter): Name = "Case Code (Imperial)"; Value = "0603"; VariantName = "[No Variations]"
Add component (AddParameter): Name = "Case/Package"; Value = "0603"; VariantName = "[No Variations]"
Add component (AddParameter): Name = "Category"; Value = "Chip SMD Resistors"; VariantName = "[No Variations]"
Add component (AddParameter): Name = "ComponentLink1Description"; Value = "https://datasheet.ciiva.com/46441/1533075-46441625.pdf?src-supplier=Element14"; VariantName = "[No Variations]"
Add component (AddParameter): Name = "ComponentLink1URL"; Value = "https://datasheet.ciiva.com/46441/1533075-46441625.pdf?src-supplier=Element14"; VariantName = "[No Variations]"
Add component (AddParameter): Name = "ComponentLink2Description"; Value = "https://datasheet.ciiva.com/28621/1847332-28621386.pdf?src-supplier=Element14"; VariantName = "[No Variations]"
Add component (AddParameter): Name = "ComponentLink2URL"; Value = "https://datasheet.ciiva.com/28621/1847332-28621386.pdf?src-supplier=Element14"; VariantName = "[No Variations]"
Add component (AddParameter): Name = "ComponentLink3Description"; Value = "https://datasheet.ciiva.com/2462/dcrcwe3-2462023.pdf?src-supplier=Digikey"; VariantName = "[No Variations]"
Add component (AddParameter): Name = "ComponentLink3URL"; Value = "https://datasheet.ciiva.com/2462/dcrcwe3-2462023.pdf?src-supplier=Digikey"; VariantName = "[No Variations]"
Add component (AddParameter): Name = "ComponentLink4Description"; Value = "https://datasheet.ciiva.com/2462/dcrcwe3-2462024.pdf?src-supplier=Digikey"; VariantName = "[No Variations]"
Add component (AddParameter): Name = "ComponentLink4URL"; Value = "https://datasheet.ciiva.com/2462/dcrcwe3-2462024.pdf?src-supplier=Digikey"; VariantName = "[No Variations]"
Add component (AddParameter): Name = "ComponentLink5Description"; Value = "https://datasheet.ciiva.com/2462/dcrcwe3-2462022.pdf?src-supplier=Digikey"; VariantName = "[No Variations]"
Add component (AddParameter): Name = "ComponentLink5URL"; Value = "https://datasheet.ciiva.com/2462/dcrcwe3-2462022.pdf?src-supplier=Digikey"; VariantName = "[No Variations]"
Add component (AddParameter): Name = "ComponentLink6Description"; Value = "https://datasheet.ciiva.com/5548/dcrcwe3-109170-5548152.pdf?src-supplier=Mouser"; VariantName = "[No Variations]"
Add component (AddParameter): Name = "ComponentLink6URL"; Value = "https://datasheet.ciiva.com/5548/dcrcwe3-109170-5548152.pdf?src-supplier=Mouser"; VariantName = "[No Variations]"
Add component (AddParameter): Name = "ComponentLink7Description"; Value = "https://datasheet.ciiva.com/16211/dcrcwe3-16211589.pdf?src-supplier=Future+Electronics"; VariantName = "[No Variations]"
Add component (AddParameter): Name = "ComponentLink7URL"; Value = "https://datasheet.ciiva.com/16211/dcrcwe3-16211589.pdf?src-supplier=Future+Electronics"; VariantName = "[No Variations]"
Add component (AddParameter): Name = "Construction"; Value = "Rectangular"; VariantName = "[No Variations]"
Add component (AddParameter): Name = "Contact Plating"; Value = "Tin"; VariantName = "[No Variations]"
Add component (AddParameter): Name = "Depth"; Value = "0.85mm"; VariantName = "[No Variations]"
Add component (AddParameter): Name = "Features"; Value = "Automotive AEC-Q200"; VariantName = "[No Variations]"
Add component (AddParameter): Name = "Height"; Value = "0.02inch"; VariantName = "[No Variations]"
Add component (AddParameter): Name = "Lead Free"; Value = "Lead Free"; VariantName = "[No Variations]"
Add component (AddParameter): Name = "Length"; Value = "1.55mm"; VariantName = "[No Variations]"
Add component (AddParameter): Name = "Manufacturer"; Value = "Vishay Dale"; VariantName = "[No Variations]"
Add component (AddParameter): Name = "Manufacturer Part Number"; Value = "CRCW06031K00JNEA"; VariantName = "[No Variations]"
Add component (AddParameter): Name = "Max Operating Temperature"; Value = "155°C"; VariantName = "[No Variations]"
Add component (AddParameter): Name = "Max Power Dissipation"; Value = "100mW"; VariantName = "[No Variations]"
Add component (AddParameter): Name = "Military Standard"; Value = "Not"; VariantName = "[No Variations]"
Add component (AddParameter): Name = "Min Operating Temperature"; Value = "-55°C"; VariantName = "[No Variations]"
Add component (AddParameter): Name = "Number of Terminations"; Value = "2"; VariantName = "[No Variations]"
Add component (AddParameter): Name = "Package Quantity"; Value = "1"; VariantName = "[No Variations]"
Add component (AddParameter): Name = "Packaging"; Value = "Tape and Reel"; VariantName = "[No Variations]"
Add component (AddParameter): Name = "Pins"; Value = "2"; VariantName = "[No Variations]"
Add component (AddParameter): Name = "Power Rating"; Value = "100mW"; VariantName = "[No Variations]"
Add component (AddParameter): Name = "Pricing"; Value = "1=0,1, 10=0,016, 50=0,016, 100=0,009, 1000=0,006, 10000=0,003 (USD)"; VariantName = "[No Variations]"
Add component (AddParameter): Name = "Radiation Hardening"; Value = "No"; VariantName = "[No Variations]"
Add component (AddParameter): Name = "Reach SVHC Compliant"; Value = "Unknown"; VariantName = "[No Variations]"
Add component (AddParameter): Name = "Resistance Tolerance"; Value = "5%"; VariantName = "[No Variations]"
Add component (AddParameter): Name = "Resistor Type"; Value = "Thick Film"; VariantName = "[No Variations]"
Add component (AddParameter): Name = "RoHS"; Value = "Yes"; VariantName = "[No Variations]"
Add component (AddParameter): Name = "RoHS Compliant"; Value = "Yes"; VariantName = "[No Variations]"
Add component (AddParameter): Name = "Series"; Value = "CRCW"; VariantName = "[No Variations]"
Add component (AddParameter): Name = "Stock"; Value = "120124"; VariantName = "[No Variations]"
Add component (AddParameter): Name = "Supplier"; Value = "Mouser"; VariantName = "[No Variations]"
Add component (AddParameter): Name = "Supplier Part Number"; Value = "71-CRCW0603J-1.0K-E3"; VariantName = "[No Variations]"
Add component (AddParameter): Name = "Temperature Coefficient"; Value = "200ppm/°C"; VariantName = "[No Variations]"
Add component (AddParameter): Name = "Termination"; Value = "SMD/SMT"; VariantName = "[No Variations]"
Add component (AddParameter): Name = "Tolerance"; Value = "5%"; VariantName = "[No Variations]"
Add component (AddParameter): Name = "Value"; Value = "1K"; VariantName = "[No Variations]"
Add component (AddParameter): Name = "Voltage Rating"; Value = "75V"; VariantName = "[No Variations]"
Add component (AddParameter): Name = "Voltage Rating (DC)"; Value = "75V"; VariantName = "[No Variations]"
Add component (AddParameter): Name = "Weight"; Value = "7.1E-05oz"; VariantName = "[No Variations]"
Add component (AddParameter): Name = "Width"; Value = "0.033inch"; VariantName = "[No Variations]"
Added Pin To Net: NetName=C5 Pin=R40-1
Added Pin To Net: NetName=VC5x Pin=R40-2
Added Pin To Net: NetName=C5 Pin=R41-1
Added Pin To Net: NetName=NetC12_2 Pin=R41-2
Change Net Name : Old Net Name=NetC1_2 New Net Name=NetC15_1
Change Net Name : Old Net Name=NetC2_1 New Net Name=NetC1_1
Change Net Name : Old Net Name=NetC2_2 New Net Name=NetC1_2
Change Net Name : Old Net Name=NetC3_1 New Net Name=NetC2_1
Change Net Name : Old Net Name=NetC4_1 New Net Name=NetC3_1
Change Net Name : Old Net Name=NetC5_1 New Net Name=NetC4_1
Change Net Name : Old Net Name=NetC7_1 New Net Name=NetC6_1
Change Net Name : Old Net Name=NetC7_2 New Net Name=NetC6_2
Change Net Name : Old Net Name=NetC8_1 New Net Name=NetC7_1
Change Net Name : Old Net Name=NetC9_1 New Net Name=NetC8_1
Change Net Name : Old Net Name=NetC10_1 New Net Name=NetC9_1
Change Net Name : Old Net Name=NetC12_1 New Net Name=NetC11_1
Change Net Name : Old Net Name=NetC12_2 New Net Name=NetC11_2
Change Net Name : Old Net Name=NetC13_1 New Net Name=NetC12_1
Change Net Name : Old Net Name=NetC14_1 New Net Name=NetC13_1
Change Net Name : Old Net Name=NetC15_1 New Net Name=NetC14_1
Change Net Name : Old Net Name=NetD1_1 New Net Name=NetD2_1
Change Net Name : Old Net Name=NetD2_1 New Net Name=NetD3_1
Change Net Name : Old Net Name=NetD3_1 New Net Name=NetD4_1
Change Net Name : Old Net Name=NetD4_1 New Net Name=NetD5_1
Change Net Name : Old Net Name=NetD5_1 New Net Name=NetD15_1
Change Net Name : Old Net Name=NetD10_1 New Net Name=NetD1_1
Change Net Name : Old Net Name=NetD11_1 New Net Name=NetD10_1
Change Net Name : Old Net Name=NetD12_1 New Net Name=NetD11_1
Change Net Name : Old Net Name=NetD13_1 New Net Name=NetD12_1
Change Net Name : Old Net Name=NetD14_1 New Net Name=NetD13_1
Change Net Name : Old Net Name=NetD15_1 New Net Name=NetD14_1
Change Net Name : Old Net Name=NetR71_2 New Net Name=NetR73_2
Change Net Name : Old Net Name=NetR72_1 New Net Name=NetR74_1
Change Net Name : Old Net Name=NetR74_2 New Net Name=NetR75_2
Change Net Name : Old Net Name=NetR80_1 New Net Name=NetR82_1
Change Net Name : Old Net Name=NetR84_1 New Net Name=NetR86_1
Added Member To Class: ClassName=AFE Member=Component R69 CRCW060310M0FKEA
Added Member To Class: ClassName=AFE Member=Component R70 CRCW06031M00JNEA
