Removed Pin From Net: NetName=C5 Pin=C12-2
Removed Pin From Net: NetName=C5 Pin=D10-2
Removed Pin From Net: NetName=C5 Pin=D18-2
Removed Pin From Net: NetName=C5 Pin=J2-6
Removed Pin From Net: NetName=C5 Pin=Q10-2
Removed Pin From Net: NetName=C5 Pin=R11-1
Removed Pin From Net: NetName=C5 Pin=R39-1
Removed Pin From Net: NetName=C5 Pin=U1-36
Change Component Description : Designator=C26 Old Description=Capacitor, 1uF Multilayer Ceramic MLCC 16 V , X7R Dielectric 0603 Surface Mount New Description=Capacitor, 1uF Multilayer Ceramic MLCC 16 V , X7R Dielectric 0603 Surface Mount | Wurth Electronics 885012206052
Change Component Description : Designator=C27 Old Description=Capacitor, 1uF Multilayer Ceramic MLCC 16 V , X7R Dielectric 0603 Surface Mount New Description=Capacitor, 1uF Multilayer Ceramic MLCC 16 V , X7R Dielectric 0603 Surface Mount | Wurth Electronics 885012206052
Change Component Description : Designator=C28 Old Description=Capacitor, 1uF Multilayer Ceramic MLCC 16 V , X7R Dielectric 0603 Surface Mount New Description=Capacitor, 1uF Multilayer Ceramic MLCC 16 V , X7R Dielectric 0603 Surface Mount | Wurth Electronics 885012206052
Change Component Description : Designator=D30 Old Description=Zener Diode, 16V, 0.2W, Sod-323 Rohs Compliant: Yes New Description=Zener Diode, 16V, 0.2W, Sod-323 Rohs Compliant: Yes |Diodes Inc. MMSZ5246BS-7-F
Change Component Description : Designator=D32 Old Description=Zener Diode, 16V, 0.2W, Sod-323 Rohs Compliant: Yes New Description=Zener Diode, 16V, 0.2W, Sod-323 Rohs Compliant: Yes |Diodes Inc. MMSZ5246BS-7-F
Add Component: Footprint Not Found R_0603
Add Component: Footprint Not Found R_0603
Add Pin To Net: Unknown Pin: Pin R107-2
Change Net Name : Old Net Name=C5 New Net Name=VC5x
Added Pin To Net: NetName=C5 Pin=D10-2
Added Pin To Net: NetName=C5 Pin=J2-6
Added Pin To Net: NetName=C5 Pin=Q10-2
Added Pin To Net: NetName=C5 Pin=R11-1
Added Pin To Net: NetName=C5 Pin=R39-1
Added Net: Name=C5
Added Pin To Net: NetName=NetC12_2 Pin=C12-2
Added Pin To Net: NetName=NetC12_2 Pin=D18-2
Added Pin To Net: NetName=NetC12_2 Pin=U1-36
Added Net: Name=NetC12_2
Add Class Member: Failed to add class member : Component R107 CRCW06031K00JNEA
Add Class Member: Failed to add class member : Component R108 CRCW06031K00JNEA
